<?xml version="1.0" encoding="UTF-8"?>
<robot generator="Robot 7.1.1 (Python 3.10.12 on linux)" generated="2024-11-12T19:17:52.136271" rpa="false" schemaversion="5">
<suite id="s1" name="Tests" source="/home/mkauste/webcounter/src/tests">
<suite id="s1-s1" name="Increment" source="/home/mkauste/webcounter/src/tests/increment.robot">
<kw name="Open And Configure Browser" owner="resource" type="SETUP">
<if>
<branch type="IF" condition="$BROWSER == 'chrome'">
<kw name="Evaluate" owner="BuiltIn">
<msg time="2024-11-12T19:17:52.214505" level="INFO">${options} = &lt;selenium.webdriver.chrome.options.Options object at 0x742ec4bb90f0&gt;</msg>
<var>${options}</var>
<arg>sys.modules['selenium.webdriver'].ChromeOptions()</arg>
<arg>sys</arg>
<doc>Evaluates the given expression in Python and returns the result.</doc>
<status status="PASS" start="2024-11-12T19:17:52.214233" elapsed="0.000303"/>
</kw>
<status status="PASS" start="2024-11-12T19:17:52.212161" elapsed="0.002432"/>
</branch>
<branch type="ELSE IF" condition="$BROWSER == 'firefox'">
<kw name="Evaluate" owner="BuiltIn">
<var>${options}</var>
<arg>sys.modules['selenium.webdriver'].FirefoxOptions()</arg>
<arg>sys</arg>
<doc>Evaluates the given expression in Python and returns the result.</doc>
<status status="NOT RUN" start="2024-11-12T19:17:52.214698" elapsed="0.000017"/>
</kw>
<status status="NOT RUN" start="2024-11-12T19:17:52.214622" elapsed="0.000121"/>
</branch>
<status status="PASS" start="2024-11-12T19:17:52.212136" elapsed="0.002626"/>
</if>
<if>
<branch type="IF" condition="$HEADLESS == 'true'">
<kw name="Set Selenium Speed" owner="SeleniumLibrary">
<arg>0</arg>
<doc>Sets the delay that is waited after each Selenium command.</doc>
<status status="PASS" start="2024-11-12T19:17:52.214912" elapsed="0.000144"/>
</kw>
<kw name="Call Method" owner="BuiltIn">
<arg>${options}</arg>
<arg>add_argument</arg>
<arg>--headless</arg>
<doc>Calls the named method of the given object with the provided arguments.</doc>
<status status="PASS" start="2024-11-12T19:17:52.215126" elapsed="0.000099"/>
</kw>
<status status="PASS" start="2024-11-12T19:17:52.214797" elapsed="0.000460"/>
</branch>
<branch type="ELSE">
<kw name="Set Selenium Speed" owner="SeleniumLibrary">
<arg>${DELAY}</arg>
<doc>Sets the delay that is waited after each Selenium command.</doc>
<status status="NOT RUN" start="2024-11-12T19:17:52.215336" elapsed="0.000020"/>
</kw>
<status status="NOT RUN" start="2024-11-12T19:17:52.215278" elapsed="0.000104"/>
</branch>
<status status="PASS" start="2024-11-12T19:17:52.214788" elapsed="0.000610"/>
</if>
<kw name="Open Browser" owner="SeleniumLibrary">
<msg time="2024-11-12T19:17:52.215651" level="INFO">Opening browser 'chrome' to base url 'None'.</msg>
<arg>browser=${BROWSER}</arg>
<arg>options=${options}</arg>
<doc>Opens a new browser instance to the optional ``url``.</doc>
<status status="PASS" start="2024-11-12T19:17:52.215458" elapsed="0.204957"/>
</kw>
<status status="PASS" start="2024-11-12T19:17:52.211960" elapsed="0.208566"/>
</kw>
<test id="s1-s1-t1" name="At start the counter is zero" line="7">
<kw name="Go To" owner="SeleniumLibrary">
<msg time="2024-11-12T19:17:52.421098" level="INFO">Opening url 'http://localhost:5001'</msg>
<arg>${HOME_URL}</arg>
<doc>Navigates the current browser window to the provided ``url``.</doc>
<status status="PASS" start="2024-11-12T19:17:52.420945" elapsed="0.032509"/>
</kw>
<kw name="Title Should Be" owner="SeleniumLibrary">
<msg time="2024-11-12T19:17:52.457622" level="INFO">Page title is 'Laskuri'.</msg>
<arg>Laskuri</arg>
<doc>Verifies that the current page title equals ``title``.</doc>
<status status="PASS" start="2024-11-12T19:17:52.453822" elapsed="0.003928"/>
</kw>
<kw name="Page Should Contain" owner="SeleniumLibrary">
<msg time="2024-11-12T19:17:52.466987" level="INFO">Current page contains text 'nappia painettu 0 kertaa'.</msg>
<arg>nappia painettu 0 kertaa</arg>
<doc>Verifies that current page contains ``text``.</doc>
<status status="PASS" start="2024-11-12T19:17:52.458007" elapsed="0.009081"/>
</kw>
<status status="PASS" start="2024-11-12T19:17:52.420619" elapsed="0.046678"/>
</test>
<test id="s1-s1-t2" name="When button pressed twice the counter is two" line="12">
<kw name="Go To" owner="SeleniumLibrary">
<msg time="2024-11-12T19:17:52.467911" level="INFO">Opening url 'http://localhost:5001'</msg>
<arg>${HOME_URL}</arg>
<doc>Navigates the current browser window to the provided ``url``.</doc>
<status status="PASS" start="2024-11-12T19:17:52.467761" elapsed="0.010253"/>
</kw>
<kw name="Click Button" owner="SeleniumLibrary">
<msg time="2024-11-12T19:17:52.478646" level="INFO">Clicking button 'Paina'.</msg>
<arg>Paina</arg>
<doc>Clicks the button identified by ``locator``.</doc>
<status status="PASS" start="2024-11-12T19:17:52.478299" elapsed="0.045027"/>
</kw>
<kw name="Click Button" owner="SeleniumLibrary">
<msg time="2024-11-12T19:17:52.523905" level="INFO">Clicking button 'Paina'.</msg>
<arg>Paina</arg>
<doc>Clicks the button identified by ``locator``.</doc>
<status status="PASS" start="2024-11-12T19:17:52.523663" elapsed="0.043147"/>
</kw>
<kw name="Page Should Contain" owner="SeleniumLibrary">
<msg time="2024-11-12T19:17:52.580281" level="INFO">Current page contains text 'nappia painettu 2 kertaa'.</msg>
<arg>nappia painettu 2 kertaa</arg>
<doc>Verifies that current page contains ``text``.</doc>
<status status="PASS" start="2024-11-12T19:17:52.567226" elapsed="0.013175"/>
</kw>
<status status="PASS" start="2024-11-12T19:17:52.467499" elapsed="0.113122"/>
</test>
<kw name="Close Browser" owner="SeleniumLibrary" type="TEARDOWN">
<doc>Closes the current browser.</doc>
<status status="PASS" start="2024-11-12T19:17:52.581113" elapsed="0.058916"/>
</kw>
<status status="PASS" start="2024-11-12T19:17:52.147208" elapsed="0.492959"/>
</suite>
<status status="PASS" start="2024-11-12T19:17:52.136917" elapsed="0.504316"/>
</suite>
<statistics>
<total>
<stat pass="2" fail="0" skip="0">All Tests</stat>
</total>
<tag>
</tag>
<suite>
<stat pass="2" fail="0" skip="0" id="s1" name="Tests">Tests</stat>
<stat pass="2" fail="0" skip="0" id="s1-s1" name="Increment">Tests.Increment</stat>
</suite>
</statistics>
<errors>
</errors>
</robot>
